100
1000
10000
100036204
100036852
100048912
10010
100124700
100126325
10013
100132417
100133941
10014
100182
100287616
4016
5729
100313772
100507027
100507056
100507436
100508689
100642175
81848
79441
10075
100846986
100862689
101
10111
10149
1017
10178
101864871
1019
1019
1021
1019
12567
1021
12571
1021
10215
10242
1026
1027
1027
10534
102724197
10276
10926
10278
1028
10283
51759
1029
1029
1030
10293
10297
10298
103
1030
10309
1031
10371
10381
10392
10395
10397
10399
104
10401
10408
10413
104394
10460
10463
10472
10482
10494
10507
1051
10513
105243590
105278
10534
10553
10561
10575
10608
10645
10651
10653
10656
10663
10666
10671
10678
10687
107
10716
1072
10733
10763
10769
107831
108069
108079
108138
10818
1082
1084
10855
10912
10919
10928
10935
10961
109679
109880
11009
11043
11061
110834
15129
111058
1111
11113
11127
1113
111636
111654
11168
11184
5599
11186
11197
11200
11211
11224
112399
112744
11315
113451
114090
11441
114503
114548
114769
114801
114856
11516
1152
11545
115752
116071
11651
116562
11670
11695
117189
11747
11783
11789
11799
11863
11881
118812
11920
11921
12018
12028
12043
12048
12053
12064
12122
12140
12151
12156
12159
12190
12226
12227
1230
12316
12364
12367
12387
12443
12443
12444
12444
124641
12501
12504
12534
12540
12550
12558
12566
12567
12567
12571
12568
12571
12575
12576
12578
12580
12581
12585
12649
126520
12704
12767
12772
1278
12799
12822
12914
12927
129804
7170
13000
13018
1302
13030
13047
13088
13184
13197
13205
133396
133482
13433
13435
1351
13555
13559
13593
13640
13649
13666
13685
137196
13732
137529
1164
13807
1381
1382
13838
13841
1385
1386
13866
13869
1387
139628
13982
13983
1400
14030
140491
14056
140589
1406
140628
14066
140809
14081
14083
140885
14173
14179
14187
14187
14184
142
14247
14281
1431
1432
143384
1434
14345
1435
1436
14366
1437
1440
1442
14432
1452
14569
14580
14581
14582
146
14609
14632
14633
14634
1464
146713
14683
147040
147968
14812
148398
1489
1489774
1490
1499
1509
151449
15182
15205
15208
15227
15228
1523
15234
15248
15270
15277
153090
15395
15412
1543
1543
1545
1544
1545
1555
1576
1577
158763
1593
15977
15978
16000
16001
16002
1605
1612
1613
1616
16171
1618
16193
1622
16362
16363
16367
1641
16410
16412
16449
1647
16476
1649
1653
1654
16568
16664
1673
1674
16828
16842
16869
16948
16992
170589
28905
2925
170676
171023
171123
171170
17121
171221
17127
171469
1719
17191
17210
17216
17242
17246
17260
17295
17314
17345
1735
17350
1738
17395
174
17451
1755
1757
17690
177
17709
17756
1786
17869
17872
1788
1789
1791
17927
17967
17986
18008
1801
18013
18014
18015
18033
18053
1806
18071
18088
1809
18109
18126
18128
18128
18129
18129
1814
1815
18176
18186
18187
182
18205
18211
18213
1822
18424
1845
1846
18505
18509
18510
18538
1856
1859
18595
18596
18654
1869
18706
18708
1874
18746
1875
18793
18815
18854
1890
18970
18976
18996
19013
19014
19016
1906
19084
19085
19088
19090
1910
19126
19206
19207
19211
192119
19229
19264
19303
19353
1936
19366
19373
19374
1942
1944
1945
1947
1948
1950
1956
1956
2064
2065
2066
1958
1958
3481
196
19645
19650
19651
19662
19664
1969
19712
19713
1977
1978
1981
1993
1994
2
200424
200576
200845
200894
2011
201161
201266
2014
2019
20194
2020
2021
2022
20223
2026
20296
20297
2034
20377
20405
2041
2042
20423
2045
2046
20466
2047
2048
2050
20511
2052
20525
20586
20587
20613
2064
2065
2066
2066
1956
2067
20674
20675
2068
20692
207
2072
20720
20779
2078
208
20846
20847
20848
20849
20850
2086
208691
20877
20969
20977
2099
2100
2104
210801
212541
213
2130
2138
2146
2147
2149
2152
2157
2165
216858
2173
21802
21808
2185
219
21917
21923
21926
2194
2195
21969
219699
219736
2201
22035
22059
22060
22062
22070
22084
2209
220972
221150
221547
22160
22234
22264
22289
22324
22337
22339
2235
22350
22352
223649
22370
22415
2247
225207
2253
2254
22594
22596
2260
22601
226049
22608
2261
22634
227325
22764
22771
228839
2290
22914
22919
22931
229317
2294
22943
22943
27123
27122
27121
2297
22994
22999
23028
23040
23049
2305
2307
2308
23081
2309
2313
23135
23152
23158
2316
23162
2321
2321
3791
2322
23336
2335
23399
23411
23432
23462
23476
2348
23512
2353
23532
23645
23657
23705
238
238871
23938
23939
239528
23988
240084
24069
240888
241
24117
24148
242122
24237
242705
24334
24407
24408
24411
24412
245000
24525
24577
246100
24661
2475
2487
25
250
25054
25112
2520
2523
2526
253260
25332
2535
2539
2547
2549
25491
25549
25558
2558
257194
25750
25769
25777
25798
25802
25802
28503
25824
25833
25870
259197
25925
259266
2593
25945
25992
26007
2621
2626
26354
26357
26362
26413
26413
26417
26416
26417
26413
26503
26524
2665
266710
2668
2670
2670
6271
2672
2673
268
26806
26820
2688
2690
2691
2697
270110
270190
27065
27087
27121
27122
27123
27133
27141
27175
2719
2720
27242
27250
27295
2730
27303
27345
2735
2735
2736
27354
2736
2737
2752
2764
2768677
2778
2796
2797
2798
28
2800
2804
280922
281572
2819
2821
283120
283219
283219
200845
283652
283685
284
284340
284424
285
28514
2852
2862
2869
2870
2872
2874
2875
2876
28814
28870
2890
2891
2891
2892
2893
2897
2898
2899
28952
29
290
2900
2901
2902
29072
29110
29126
29128
2922
2925
2932
2934
29349
2944
29467
2950
29517
2952
29559
2956
2984
2990
29933
2998
30097
301
301300
3020
30269
3048
3054
3065
3065
8841
3066
308
30812
3082
3084
3090
3091
30928
3098
3099
3105
3105
3106
3105
3106
3107
310738
3111
31151
3126
31293
31310
3146
3148
3156
3159
3161
3162
3164
317
3172
317649
3181
3182
3183
717
319583
3196
319651
319757
3202
3206
320840
3213
3214
3223
3226
3230
3234
324
3250
3265
328
3280
329
329
330
330122
3308
331
3315
33196
332
3320
3329
3342
3358
3371
3375
3376
3383
338386
3397
3398
3399
3400
3417
3418
34277
3429
3439
3456
3458
3458
7124
347
347734
347745
3479
3479
3481
348
3480
3481
3485
3485
3486
3485
3486
3488
3486
3487
3488
3490
3502
353283
355
3552
3553
3558
3559
356
3561
3562
3565
3565051
3566
3569
3569
3490
357
3570
3572
3576
35851
3596
3597
3598
3604
3605
3620
3621
3622
36240
362686
3630
3642
3659
3660
3663
3667
367
3670
3675
3678
3683
3684
3685
3688
3689
3690
3714
3716
3717
3720
3725
3726
373156
3732
3736
374
3745
37455
3764
3767
3779
3779
10381
3780
3781
3782
3791
3796
3805
380669
381022
3815
382056
3821
3824
3832
3845
387
387202
387214
388
388015
3897
3925
3927
3927
10611
3939
3945
3948
395191
3953
395483
395615
396105
397455
3975
3976
3977
397926
3981
4016
4035
403811
4041
4043
404663
405
40605
406882
406883
406884
406887
406888
406892
406899
4069
406900
406901
406903
406907
406910
406913
406915
406925
406926
406940
406952
406958
406959
406967
406968
406978
406979
406982
406991
406993
406998
407002
407004
407006
407009
407011
407027
407029
407030
407033
407035
407040
407047
407053
407975
407975
406952
407047
408
4084
4087
4088
409
4090
4092
4100
4102
4103
41085
412
4131
4133
4133
27345
4134
4140
4143
4151
4155
4162
4170
4171
4173
4176
4179
4193
4194
4199
4205
4214
4217
4233
42504
4254
4255
4267
42737
4282
429
4292
43
4312
4313
4313
4313
4314
4318
4319
4322
4313
4318
4313
4318
4323
4313
4318
4323
4324
4314
4314
4313
4314
4316
4321
4314
4319
4316
4318
4318
4323
4319
4321
4322
4323
4324
4335
433759
4350
4355
4361
436240
4363
440
440068
440926
442891
442897
442898
442900
442907
442912
4436
4437
4440
445289
44642
446744
4478
4493
4513
4524
4548
4580
4582
4597
4601
4602
4609
4610
4613
4615
4654
4656
4683
4684
472
4735
474
4741
4744
4747
4751
4756
4758
4760
4761
4762
4762
63973
50674
4763
4771
4774
477991
4780
4781
4790
4803
4804
480495
4821
4826
4827
4828
4829
4830
48317
4836
484483
4851
4851
18128
4853
4851
4853
4853
4854
4869
4883
4893
4900
4901
4904
4907
4908
4909
4914
4915
4916
4920
4923
494327
494328
494332
494337
4953
4968
5013
5015
5048
5052
5478
5054
5058
50616
50639
50686
5076
5077
5079
5080
50913
50943
5111
51115
51147
51176
51230
5127
51284
51311
5141
51438
51465
51497
51528
5154
5155
5156
51561
5159
51594
5163
51684
5169
51701
51715
51728
5175
51752
51755
983
1017
5176
51776
5228
5243
5270
5274
52897
5290
5291
5293
5293
253260
5294
5295
5297
5300
5315
5327
5328
5329
53320
53353
53379
5347
5347
10769
1263
10733
5347
10769
1263
10733
126520
53626
5366
5371
538
53892
5394
5531
5395
5409
54106
54125
54205
5422
5423
54305
54422
5443
5444
54474
54486
545
54535
5456
54567
5457
54596
546
5460
5463
5465
54658
5467
5468
5469
54828
54880
54984
55022
55054
55109
55120
55193
5520
5521
5522
5524
55252
55294
55308
55334
55388
554213
55536
55540
55588
5562
5563
55630
55636
5564
55709
55749
5578
5578
5580
55796
558
5580
55801
5581
5591
5594
5594
5595
5595
5595
5594
5595
5594
5595
55964
5599
56034
5604
56044
5604
5605
5605
5606
56086
5609
5617
56246
56253
5630
56364
5649
56616
56623
56637
56647
56648
567
56717
56718
56751
56834
56884
5689
56925
5694
56954
56979
57016
57045
5707
5725
57261
5727
5728
5729
5730
5734
57379
5743
5744
574412
574453
574459
574484
5745
57534
57575
57623
57650
57670
5768
57695
57697
57794
578
5781
57824
5788
581
5817
5818
5820
58485
58487
58497
58508
586
5879
58801
5885
5887
5888
5898
590
59026
59067
59108
59109
5914
5914
5915
5916
5915
5925
5928
5933
59336
5934
5949
595
595
894
596
597
5970
5972
5978
5978
23028
5979
598
5989
6005
6010
6015
604
60436
6045
6046
6050
60529
60533
60628
606496
60675
6091
6102
612557
613
25
6156
6195
6196
6198
6224
6236
6240
6256
6263
627
6271
6273
6275
6277
6280
6281
6285
6286
6295
6317
631990
6347
6352
6366
637
638
6386
6387
6391
63967
63973
64112
641648
6418
6422
6422
6423
2487
6423
6426
643418
643911
64399
644079
644314
64436
6446
6447
644914
64625
6464
6469
64794
648
64839
6484
649
64930
6495
650
6500
6502
6513
652070
6521
65266
652995
653247
6547
655
6566
6597
6598
6608
6615
6616
6620
6622
6622
6620
6623
6623
6624
6637
6638
6647
664799
6648
6656
6657
6659
6662
6663
6664
6667
6678
6692
6696
67078
6714
672
672
675
673
6736
67414
170731
6745
6746
675
6750
6752
6772
6774
6776
6790
6812
68146
6817
682
6822
6833
6847
6850
685055
6853
6855
6863
6868
6885
6888
6890
6891
6925
6927
693120
693130
693131
693177
693178
693183
693186
6962
6996
6998
699
9184
7003
7012
7015
7018
7020
7021
7026
7037
7039
7040
7040
7042
70417
7042
7048
7057
706
7070
7071
7076
7076
7077
7076
7077
7078
70769
7077
7078
7078
7077
7080
7097
7098
7124
71296
7132
7133
7143
7153
7155
7157
7161
7167
717
717
718
7179
719
7190
71950
7204
7223
723827
723848
723878
723891
723895
723905
724026
7248
7248
64930
7249
22084
7248
7249
7248
7249
22084
7249
7270
7272
7276
7280
7283
729
729230
729238
7298
7318
73251
7326
7326
7531
7345
7357
7403
7409
7412
7414
7415
7422
7423
7423
7424
7424
7430
7431
7432
74325
7433
7434
74343
74343
382056
7448
7450
7453
7465
7468
7471
7474
7476
7490
7515
7516
7526
7538
75404
7543
7545
7546
7555
759
75957
760
760
761
762
768
7703
7709
771
7712
7799
7804
781
7832
7849
7852
7857
7869
7874
78757
79054
79109
793
7941
79441
79727
79728
7976
79784
7982
79885
799
79923
801
80150
80218
8030
80312
80381
80781
8081
8085
80853
80901
8111
8128
814
81631
81818
81848
81890
820
8243
825
8289
8312
8313
8314
8321
8321
11211
2535
7976
8326
8322
7855
8323
8324
8325
8326
8321
2535
7976
8322
7855
8323
8324
8325
8326
11211
8324
8325
8326
8328
834
83430
83463
8358
836
83605
836
142
836
840
836
841
842
836
842
83737
83785
83879
840
84027
841
84107
84133
84148
841
842
842
84231
84245
8428
842
836
84295
843
8452
84530
8454
84557
84565
84700
8473
84889
8493
8522
8536
8548
8549
8569
8569
2872
858
8600
8613
8626
8630
8636
8643
8644
8650
8651
8654
8658
8660
8678
8714
8718
8726
8742
8743
8763
8772
8795
8797
8802
8815
8824
8828
8829
8837
8841
8841
3065
8842
885
8850
886
8861
8869
887
8872
8874
8877
890
890
891
8909
891
8930
894
8945
896
89780
89780
7474
89795
901
9021
9034
9093
9103
9112
9113
9118
9119
912
9131
9148
9156
91653
9187
920
9203
9212
9221
9232
92335
925
92737
9282
5469
55588
9442
29079
9283
929
9314
93166
9332
9344
9353
93659
93759
9421
9423
9429
9437
9442
9444
945
9451
9459
9468
947
9474
949
9501
9518
9531
9536
9590
960
961
9611
9627
9636
9657
966
9669
9693
9715
973
9734
9735
9739
9757
983
9833
9839
9928
993
9947
995
9970
998
999
